生成启动时间为 2016/5/6 16:34:43。
     1>项目“F:\Workspace\OpenCV_class1\opencv_class1\opencv_class1\opencv_class1.vcxproj”在节点 2 上(build 个目标)。
     1>InitializeBuildStatus:
         正在创建“x64\Debug\opencv_class1.unsuccessfulbuild”，因为已指定“AlwaysCreate”。
       ClCompile:
         所有输出均为最新。
         E:\Program Files (x86)\Microsoft Visual Studio 10.0\VC\bin\x86_amd64\CL.exe /c /Zi /nologo /W3 /WX- /Od /D WIN32 /D _DEBUG /D _CONSOLE /D _UNICODE /D UNICODE /Gm /EHsc /RTC1 /MDd /GS /fp:precise /Zc:wchar_t /Zc:forScope /Yu"StdAfx.h" /Fp"x64\Debug\opencv_class1.pch" /Fo"x64\Debug\\" /Fd"x64\Debug\vc100.pdb" /Gd /TP /errorReport:prompt opencv_class1.cpp
         opencv_class1.cpp
       ManifestResourceCompile:
         所有输出均为最新。
       Link:
         E:\Program Files (x86)\Microsoft Visual Studio 10.0\VC\bin\x86_amd64\link.exe /ERRORREPORT:PROMPT /OUT:"F:\Workspace\OpenCV_class1\opencv_class1\x64\Debug\opencv_class1.exe" /INCREMENTAL /NOLOGO opencv_core249d.lib opencv_imgproc249d.lib opencv_highgui249d.lib opencv_ml249d.lib opencv_video249d.lib opencv_features2d249d.lib opencv_calib3d249d.lib opencv_objdetect249d.lib opencv_contrib249d.lib opencv_legacy249d.lib opencv_flann249d.lib kernel32.lib user32.lib gdi32.lib winspool.lib comdlg32.lib advapi32.lib shell32.lib ole32.lib oleaut32.lib uuid.lib odbc32.lib odbccp32.lib /MANIFEST /ManifestFile:"x64\Debug\opencv_class1.exe.intermediate.manifest" /MANIFESTUAC:"level='asInvoker' uiAccess='false'" /DEBUG /PDB:"F:\Workspace\OpenCV_class1\opencv_class1\x64\Debug\opencv_class1.pdb" /SUBSYSTEM:CONSOLE /TLBID:1 /DYNAMICBASE /NXCOMPAT /IMPLIB:"F:\Workspace\OpenCV_class1\opencv_class1\x64\Debug\opencv_class1.lib" /MACHINE:X64 x64\Debug\opencv_class1.exe.embed.manifest.res
         x64\Debug\opencv_class1.obj
         x64\Debug\stdafx.obj
         opencv_class1.vcxproj -> F:\Workspace\OpenCV_class1\opencv_class1\x64\Debug\opencv_class1.exe
       Manifest:
         C:\Program Files (x86)\Microsoft SDKs\Windows\v7.0A\bin\mt.exe /nologo /verbose /out:"x64\Debug\opencv_class1.exe.embed.manifest" /manifest x64\Debug\opencv_class1.exe.intermediate.manifest
         所有输出均为最新。
       LinkEmbedManifest:
         所有输出均为最新。
         opencv_class1.vcxproj -> F:\Workspace\OpenCV_class1\opencv_class1\x64\Debug\opencv_class1.exe
       FinalizeBuildStatus:
         正在删除文件“x64\Debug\opencv_class1.unsuccessfulbuild”。
         正在对“x64\Debug\opencv_class1.lastbuildstate”执行 Touch 任务。
     1>已完成生成项目“F:\Workspace\OpenCV_class1\opencv_class1\opencv_class1\opencv_class1.vcxproj”(build 个目标)的操作。

生成成功。

已用时间 00:00:05.43
